<?xml version="1.0" encoding="UTF-8"?>
<!-- Generated by org.testng.reporters.JUnitReportReporter -->
<testsuite hostname="hai-PC" name="tests.SharedLinks" tests="1" failures="0" timestamp="25 Sep 2014 10:26:08 GMT" time="53.730" errors="0">
  <testcase name="clickSharedLink" time="53.730" classname="tests.SharedLinks"/>
</testsuite> <!-- tests.SharedLinks -->
