<?xml version="1.0" encoding="UTF-8"?>
<!-- Generated by org.testng.reporters.JUnitReportReporter -->
<testsuite hostname="hai-PC" name="tests.LoadingPage" tests="1" failures="0" timestamp="18 Sep 2014 08:55:21 GMT" time="0.007" errors="0">
  <testcase name="test" time="0.007" classname="tests.LoadingPage"/>
</testsuite> <!-- tests.LoadingPage -->
