<?xml version="1.0" encoding="UTF-8"?>
<!-- Generated by org.testng.reporters.JUnitReportReporter -->
<testsuite hostname="hai-PC" name="tests.ReplyToAd" tests="1" failures="0" timestamp="25 Sep 2014 10:26:08 GMT" time="15.114" errors="0">
  <testcase name="replyToAd" time="15.114" classname="tests.ReplyToAd"/>
</testsuite> <!-- tests.ReplyToAd -->
