<?xml version="1.0" encoding="UTF-8"?>
<!-- Generated by org.testng.reporters.JUnitReportReporter -->
<testsuite hostname="hai-PC" name="tests.PostFreeAd" tests="1" failures="0" timestamp="25 Sep 2014 10:26:08 GMT" time="31.251" errors="0">
  <testcase name="postAd" time="31.251" classname="tests.PostFreeAd"/>
</testsuite> <!-- tests.PostFreeAd -->
