<?xml version="1.0" encoding="UTF-8"?>
<!-- Generated by org.testng.reporters.JUnitReportReporter -->
<testsuite hostname="hai-PC" name="tests.DateSorting" tests="1" failures="0" timestamp="25 Sep 2014 10:26:08 GMT" time="17.321" errors="0">
  <testcase name="searchDateSort" time="17.321" classname="tests.DateSorting"/>
</testsuite> <!-- tests.DateSorting -->
