<?xml version="1.0" encoding="UTF-8"?>
<!-- Generated by org.testng.reporters.JUnitReportReporter -->
<testsuite hostname="hai-PC" name="tests.ChangeCity" tests="2" failures="0" timestamp="25 Sep 2014 10:26:08 GMT" time="61.309" errors="0">
  <testcase name="changeCityRandom" time="27.660" classname="tests.ChangeCity"/>
  <testcase name="changeCityTextBox" time="33.649" classname="tests.ChangeCity"/>
</testsuite> <!-- tests.ChangeCity -->
